09:13 - Usuario: Balcao;
09:18 - Usuario: Balcao;
09:26 - Usuario: Balcao;
09:32 - Usuario: Balcao;
09:40 - Usuario: Balcao;
09:41 - Classe: br.sql.util.ManagerDecimal; Método: StringToDouble; Exceção: multiple points;java.lang.NumberFormatException: multiple points;
09:41 - Classe: br.sql.util.ManagerDecimal; Método: StringToDouble; Exceção: multiple points;java.lang.NumberFormatException: multiple points;
09:41 - Classe: br.sql.util.ManagerDecimal; Método: StringToDouble; Exceção: multiple points;java.lang.NumberFormatException: multiple points;
09:41 - Classe: br.sql.util.ManagerDecimal; Método: StringToDouble; Exceção: multiple points;java.lang.NumberFormatException: multiple points;
09:41 - Classe: br.sql.util.ManagerDecimal; Método: StringToDouble; Exceção: multiple points;java.lang.NumberFormatException: multiple points;
10:03 - Usuario: Balcao;
10:14 - Usuario: Balcao;
10:28 - Usuario: Balcao;
10:34 - Usuario: Balcao;
10:35 - Usuario: Balcao;
11:08 - Usuario: Balcao;
11:21 - Usuario: Balcao;
14:56 - Usuario: Balcao;
14:56 - Classe: java.awt.EventDispatchThread; Método: uncaughtException; Exceção: Error evaluating EL expression ValueExpression[${valorBrutoOrcamento}] on br.sql.janelas.movimento.VendasJanela[frame0,0,0,0x0,invalid,hidden,layout=java.awt.BorderLayout,title=Jsys - Vendas,resizable,maximized,defaultCloseOperation=DISPOSE_ON_CLOSE,rootPane=javax.swing.JRootPane[,0,0,0x0,invalid,layout=javax.swing.JRootPane$RootLayout,alignmentX=0.0,alignmentY=0.0,border=,flags=16777673,maximumSize=,minimumSize=,preferredSize=],rootPaneCheckingEnabled=true];org.jdesktop.beansbinding.PropertyResolutionException: Error evaluating EL expression ValueExpression[${valorBrutoOrcamento}] on br.sql.janelas.movimento.VendasJanela[frame0,0,0,0x0,invalid,hidden,layout=java.awt.BorderLayout,title=Jsys - Vendas,resizable,maximized,defaultCloseOperation=DISPOSE_ON_CLOSE,rootPane=javax.swing.JRootPane[,0,0,0x0,invalid,layout=javax.swing.JRootPane$RootLayout,alignmentX=0.0,alignmentY=0.0,border=,flags=16777673,maximumSize=,minimumSize=,preferredSize=],rootPaneCheckingEnabled=true];
15:05 - Usuario: Balcao;
15:05 - Classe: java.awt.EventDispatchThread; Método: uncaughtException; Exceção: null;java.lang.NullPointerException;
15:06 - Usuario: Balcao;
15:07 - Classe: java.awt.EventDispatchThread; Método: uncaughtException; Exceção: null;java.lang.NullPointerException;
15:27 - Usuario: Balcao;
15:29 - Usuario: Balcao;
15:29 - Classe: java.awt.EventDispatchThread; Método: uncaughtException; Exceção: Non-terminating decimal expansion; no exact representable decimal result.;java.lang.ArithmeticException: Non-terminating decimal expansion; no exact representable decimal result.;
15:29 - Classe: java.awt.EventDispatchThread; Método: uncaughtException; Exceção: Non-terminating decimal expansion; no exact representable decimal result.;java.lang.ArithmeticException: Non-terminating decimal expansion; no exact representable decimal result.;
15:33 - Usuario: Balcao;