10:58 - Usuario: SUPERVISOR;
11:31 - Classe: ImprimirDanfe; Método: nfePdf; Exceção: Error evaluating expression : 
	Source text : $F{Dest_Telefone}.length() == 8 ? $F{Dest_Telefone}.substring(0,4) +
"-" + $F{Dest_Telefone}.substring(4,8) : "(" + $F{Dest_Telefone}.substring(0,2) + ") " +
$F{Dest_Telefone}.substring(2,6) + "-" + $F{Dest_Telefone}.substring(6,10);net.sf.jasperreports.engine.fill.JRExpressionEvalException: Error evaluating expression : 
	Source text : $F{Dest_Telefone}.length() == 8 ? $F{Dest_Telefone}.substring(0,4) +
"-" + $F{Dest_Telefone}.substring(4,8) : "(" + $F{Dest_Telefone}.substring(0,2) + ") " +
$F{Dest_Telefone}.substring(2,6) + "-" + $F{Dest_Telefone}.substring(6,10);
13:55 - Usuario: SUPERVISOR;
13:56 - Usuario: SUPERVISOR;
13:58 - Classe: GerenteEntidade; Método: insert(class br.sql.bean.JsysNFeEvento); Exceção: Exception [EclipseLink-4002] (Eclipse Persistence Services - 2.5.2.v20140319-9ad6abd): org.eclipse.persistence.exceptions.DatabaseException
Internal Exception: com.microsoft.sqlserver.jdbc.SQLServerException: XML parsing: line 1, character 38, unable to switch the encoding
Error Code: 9402
Call: INSERT INTO jsysNFeEvento (cOrgao, chNFe, descEvento, dhEvento, emitida, envEventoCancNFe, idEvento, nProt, nSeqEvento, procEventoNFe, retEnvEventoCancNFe, tpAmb, tpEvento, xJust) VALUES (?, ?, ?, ?, ?, ?, ?, ?, ?, ?, ?, ?, ?, ?)
	bind => [14 parameters bound]
Query: InsertObjectQuery(br.sql.bean.JsysNFeEvento[ id=null ]);javax.persistence.RollbackException: Exception [EclipseLink-4002] (Eclipse Persistence Services - 2.5.2.v20140319-9ad6abd): org.eclipse.persistence.exceptions.DatabaseException
Internal Exception: com.microsoft.sqlserver.jdbc.SQLServerException: XML parsing: line 1, character 38, unable to switch the encoding
Error Code: 9402
Call: INSERT INTO jsysNFeEvento (cOrgao, chNFe, descEvento, dhEvento, emitida, envEventoCancNFe, idEvento, nProt, nSeqEvento, procEventoNFe, retEnvEventoCancNFe, tpAmb, tpEvento, xJust) VALUES (?, ?, ?, ?, ?, ?, ?, ?, ?, ?, ?, ?, ?, ?)
	bind => [14 parameters bound]
Query: InsertObjectQuery(br.sql.bean.JsysNFeEvento[ id=null ]);
13:58 - Classe: br.sql.nfe.Janelas.NfceCancelamento$Task; Método: Task; Exceção: java.lang.IllegalStateException: 
Exception Description: No transaction is currently active;java.util.concurrent.ExecutionException: java.lang.IllegalStateException: 
Exception Description: No transaction is currently active;
14:00 - Usuario: SUPERVISOR;
14:08 - Classe: GerenteEntidade; Método: insert(class br.sql.bean.JsysNFeEvento); Exceção: Exception [EclipseLink-4002] (Eclipse Persistence Services - 2.5.2.v20140319-9ad6abd): org.eclipse.persistence.exceptions.DatabaseException
Internal Exception: com.microsoft.sqlserver.jdbc.SQLServerException: XML parsing: line 1, character 38, unable to switch the encoding
Error Code: 9402
Call: INSERT INTO jsysNFeEvento (cOrgao, chNFe, descEvento, dhEvento, emitida, envEventoCancNFe, idEvento, nProt, nSeqEvento, procEventoNFe, retEnvEventoCancNFe, tpAmb, tpEvento, xJust) VALUES (?, ?, ?, ?, ?, ?, ?, ?, ?, ?, ?, ?, ?, ?)
	bind => [14 parameters bound]
Query: InsertObjectQuery(br.sql.bean.JsysNFeEvento[ id=null ]);javax.persistence.RollbackException: Exception [EclipseLink-4002] (Eclipse Persistence Services - 2.5.2.v20140319-9ad6abd): org.eclipse.persistence.exceptions.DatabaseException
Internal Exception: com.microsoft.sqlserver.jdbc.SQLServerException: XML parsing: line 1, character 38, unable to switch the encoding
Error Code: 9402
Call: INSERT INTO jsysNFeEvento (cOrgao, chNFe, descEvento, dhEvento, emitida, envEventoCancNFe, idEvento, nProt, nSeqEvento, procEventoNFe, retEnvEventoCancNFe, tpAmb, tpEvento, xJust) VALUES (?, ?, ?, ?, ?, ?, ?, ?, ?, ?, ?, ?, ?, ?)
	bind => [14 parameters bound]
Query: InsertObjectQuery(br.sql.bean.JsysNFeEvento[ id=null ]);
14:08 - Classe: br.sql.nfe.Janelas.NfceCancelamento$Task; Método: Task; Exceção: java.lang.IllegalStateException: 
Exception Description: No transaction is currently active;java.util.concurrent.ExecutionException: java.lang.IllegalStateException: 
Exception Description: No transaction is currently active;
14:18 - Usuario: SUPERVISOR;
14:21 - Classe: GerenteEntidade; Método: insert(class br.sql.bean.JsysNFeEvento); Exceção: Exception [EclipseLink-4002] (Eclipse Persistence Services - 2.5.2.v20140319-9ad6abd): org.eclipse.persistence.exceptions.DatabaseException
Internal Exception: com.microsoft.sqlserver.jdbc.SQLServerException: Cannot insert the value NULL into column 'tpAmb', table 'DADOS.dbo.jsysNFeEvento'; column does not allow nulls. INSERT fails.
Error Code: 515
Call: INSERT INTO jsysNFeEvento (cOrgao, chNFe, descEvento, dhEvento, emitida, envEventoCancNFe, idEvento, nProt, nSeqEvento, procEventoNFe, retEnvEventoCancNFe, tpAmb, tpEvento, xJust) VALUES (?, ?, ?, ?, ?, ?, ?, ?, ?, ?, ?, ?, ?, ?)
	bind => [14 parameters bound]
Query: InsertObjectQuery(br.sql.bean.JsysNFeEvento[ id=null ]);javax.persistence.RollbackException: Exception [EclipseLink-4002] (Eclipse Persistence Services - 2.5.2.v20140319-9ad6abd): org.eclipse.persistence.exceptions.DatabaseException
Internal Exception: com.microsoft.sqlserver.jdbc.SQLServerException: Cannot insert the value NULL into column 'tpAmb', table 'DADOS.dbo.jsysNFeEvento'; column does not allow nulls. INSERT fails.
Error Code: 515
Call: INSERT INTO jsysNFeEvento (cOrgao, chNFe, descEvento, dhEvento, emitida, envEventoCancNFe, idEvento, nProt, nSeqEvento, procEventoNFe, retEnvEventoCancNFe, tpAmb, tpEvento, xJust) VALUES (?, ?, ?, ?, ?, ?, ?, ?, ?, ?, ?, ?, ?, ?)
	bind => [14 parameters bound]
Query: InsertObjectQuery(br.sql.bean.JsysNFeEvento[ id=null ]);
14:21 - Classe: br.sql.nfe.Janelas.NfceCancelamento$Task; Método: Task; Exceção: java.lang.IllegalStateException: 
Exception Description: No transaction is currently active;java.util.concurrent.ExecutionException: java.lang.IllegalStateException: 
Exception Description: No transaction is currently active;
15:08 - Usuario: SUPERVISOR;
15:11 - Classe: br.sql.nfe.Janelas.NfceCancelamento; Método: Task.doInBackground; Exceção: Status:999 - Motivo:Rejeicao: Erro nao catalogado ;br.com.samuelweb.nfe.exception.NfeException: Status:999 - Motivo:Rejeicao: Erro nao catalogado ;
15:22 - Usuario: SUPERVISOR;
15:29 - Usuario: SUPERVISOR;
15:35 - Usuario: SUPERVISOR;
15:36 - Classe: br.sql.nfe.Janelas.NfceCancelamento; Método: Task.doInBackground; Exceção: Status:999 - Motivo:Rejeicao: Erro nao catalogado ;br.com.samuelweb.nfe.exception.NfeException: Status:999 - Motivo:Rejeicao: Erro nao catalogado ;
15:37 - Usuario: SUPERVISOR;
15:39 - Classe: br.sql.nfe.Janelas.NfceCancelamento; Método: Task.doInBackground; Exceção: Status:999 - Motivo:Rejeicao: Erro nao catalogado ;br.com.samuelweb.nfe.exception.NfeException: Status:999 - Motivo:Rejeicao: Erro nao catalogado ;
18:43 - Usuario: SUPERVISOR;
20:59 - Usuario: SUPERVISOR;
21:00 - Usuario: SUPERVISOR;
21:30 - Usuario: SUPERVISOR;
21:32 - Classe: br.sql.nfe.Janelas.NfceCancelamento; Método: Task.doInBackground; Exceção: Objeto não mapeado no XmlUtil:TRetEnvEvento;br.com.samuelweb.nfe.exception.NfeException: Objeto não mapeado no XmlUtil:TRetEnvEvento;
21:34 - Usuario: SUPERVISOR;
21:43 - Classe: br.sql.nfe.Janelas.NfceCancelamento; Método: Task.doInBackground; Exceção: Objeto não mapeado no XmlUtil:TRetEnvEvento;br.com.samuelweb.nfe.exception.NfeException: Objeto não mapeado no XmlUtil:TRetEnvEvento;
21:45 - Usuario: SUPERVISOR;
21:45 - Classe: br.sql.nfe.Janelas.NfceCancelamento; Método: Task.doInBackground; Exceção: Objeto não mapeado no XmlUtil:TRetEnvEvento;br.com.samuelweb.nfe.exception.NfeException: Objeto não mapeado no XmlUtil:TRetEnvEvento;
21:49 - Usuario: SUPERVISOR;
22:48 - Usuario: SUPERVISOR;
22:52 - Classe: br.sql.nfe.Janelas.NfceCancelamento$Task; Método: Task; Exceção: java.lang.ClassCastException: br.inf.portalfiscal.nfe.schema.envEventoCancNFe.TRetEnvEvento cannot be cast to br.inf.portalfiscal.nfe.schema.retEnvEventoCancNFe.TRetEnvEvento;java.util.concurrent.ExecutionException: java.lang.ClassCastException: br.inf.portalfiscal.nfe.schema.envEventoCancNFe.TRetEnvEvento cannot be cast to br.inf.portalfiscal.nfe.schema.retEnvEventoCancNFe.TRetEnvEvento;
22:55 - Usuario: SUPERVISOR;
23:17 - Usuario: SUPERVISOR;
23:18 - Classe: br.sql.nfe.Janelas.NfceCancelamento$Task; Método: Task; Exceção: java.lang.ClassCastException: br.inf.portalfiscal.nfe.schema.envEventoCancNFe.TRetEnvEvento cannot be cast to br.inf.portalfiscal.nfe.schema.envEventoCancNFe.TEnvEvento;java.util.concurrent.ExecutionException: java.lang.ClassCastException: br.inf.portalfiscal.nfe.schema.envEventoCancNFe.TRetEnvEvento cannot be cast to br.inf.portalfiscal.nfe.schema.envEventoCancNFe.TEnvEvento;
23:19 - Usuario: SUPERVISOR;
23:20 - Classe: br.sql.nfe.Janelas.NfceCancelamento$Task; Método: Task; Exceção: java.lang.ClassCastException: br.inf.portalfiscal.nfe.schema.envEventoCancNFe.TRetEnvEvento cannot be cast to br.inf.portalfiscal.nfe.schema.envEventoCancNFe.TEnvEvento;java.util.concurrent.ExecutionException: java.lang.ClassCastException: br.inf.portalfiscal.nfe.schema.envEventoCancNFe.TRetEnvEvento cannot be cast to br.inf.portalfiscal.nfe.schema.envEventoCancNFe.TEnvEvento;
23:27 - Usuario: SUPERVISOR;
23:28 - Classe: br.sql.nfe.Janelas.NfceCancelamento$Task; Método: Task; Exceção: java.lang.IndexOutOfBoundsException: Index: 0, Size: 0;java.util.concurrent.ExecutionException: java.lang.IndexOutOfBoundsException: Index: 0, Size: 0;