11:31 - Usuario: SUPERVISOR;
11:33 - Usuario: SUPERVISOR;
12:03 - Usuario: SUPERVISOR;
12:26 - Usuario: SUPERVISOR;
12:28 - Usuario: SUPERVISOR;
12:34 - Usuario: SUPERVISOR;
12:36 - Usuario: SUPERVISOR;
12:39 - Usuario: SUPERVISOR;
13:03 - Usuario: SUPERVISOR;
14:21 - Usuario: SUPERVISOR;
14:24 - Classe: ReportUtils.TaskReportPrint; Método: doInBackground; Exceção: /br/rel/fiscal/impNfce79.jasper;
14:24 - Classe: ReportUtils.TaskReportPrint; Método: doInBackground; Exceção: java.awt.print.PrinterAbortException;net.sf.jasperreports.engine.JRException: java.awt.print.PrinterAbortException;
14:25 - Classe: ReportUtils.TaskReportPrint; Método: doInBackground; Exceção: /br/rel/fiscal/impNfce79.jasper;
14:25 - Classe: ReportUtils.TaskReportPrint; Método: doInBackground; Exceção: java.awt.print.PrinterAbortException;net.sf.jasperreports.engine.JRException: java.awt.print.PrinterAbortException;
14:32 - Usuario: SUPERVISOR;
14:37 - Classe: br.sql.nfe.Janelas.NfceTransmitirContingencia; Método: jButton2ActionPerformed; Exceção: Erro ao Enviar para Sefaz: Configurações Não Foram Inicializadas.;br.com.samuelweb.nfe.exception.NfeException: Erro ao Enviar para Sefaz: Configurações Não Foram Inicializadas.;
17:45 - Classe: br.sql.nfe.Janelas.NfceTransmitirContingencia; Método: jButton2ActionPerformed; Exceção: Erro ao Enviar para Sefaz: Configurações Não Foram Inicializadas.;br.com.samuelweb.nfe.exception.NfeException: Erro ao Enviar para Sefaz: Configurações Não Foram Inicializadas.;
17:46 - Usuario: SUPERVISOR;
18:10 - Usuario: SUPERVISOR;
18:13 - Usuario: SUPERVISOR;
18:25 - Usuario: SUPERVISOR;
18:32 - Usuario: SUPERVISOR;
19:36 - Usuario: SUPERVISOR;
20:13 - Usuario: SUPERVISOR;
20:28 - Usuario: SUPERVISOR;
21:43 - Usuario: SUPERVISOR;
21:49 - Usuario: SUPERVISOR;
21:50 - Usuario: SUPERVISOR;
22:04 - Classe: Retorna; Método: findOneResult; Exceção: Uncompilable source code - Erroneous sym type: br.sql.acesso.ConnectionFactory.getEntityManager.createNamedQuery;java.lang.RuntimeException: Uncompilable source code - Erroneous sym type: br.sql.acesso.ConnectionFactory.getEntityManager.createNamedQuery;
22:06 - Usuario: SUPERVISOR;
22:12 - Usuario: SUPERVISOR;
22:25 - Usuario: SUPERVISOR;
22:27 - Classe: class br.rel.etiquetas.EtiquetasJanela; Método: null; Exceção: 
Exception Description: Transaction is currently active;java.lang.IllegalStateException: 
Exception Description: Transaction is currently active;
22:32 - Usuario: SUPERVISOR;
22:38 - Usuario: SUPERVISOR;
22:38 - Classe: class br.rel.etiquetas.EtiquetasJanela; Método: null; Exceção: 
Exception Description: No transaction is currently active;java.lang.IllegalStateException: 
Exception Description: No transaction is currently active;
22:39 - Usuario: SUPERVISOR;
22:40 - Usuario: SUPERVISOR;
22:41 - Classe: class br.rel.etiquetas.EtiquetasJanela; Método: null; Exceção: 
Exception Description: Transaction is currently active;java.lang.IllegalStateException: 
Exception Description: Transaction is currently active;
22:42 - Usuario: SUPERVISOR;
22:54 - Usuario: SUPERVISOR;
22:56 - Usuario: SUPERVISOR;