08:47 - Usuario: SUPERVISOR;
09:50 - Usuario: SUPERVISOR;
10:37 - Usuario: SUPERVISOR;
10:46 - Usuario: SUPERVISOR;
13:07 - Usuario: SUPERVISOR;
13:20 - Usuario: SUPERVISOR;
13:26 - Usuario: SUPERVISOR;
13:42 - Usuario: SUPERVISOR;
13:42 - Usuario: SUPERVISOR;
13:48 - Usuario: SUPERVISOR;
14:20 - Usuario: SUPERVISOR;
14:24 - Usuario: SUPERVISOR;
14:31 - Classe: GerenteEntidade; Método: insertOrUpdate(class br.sql.bean.TransferenciasProdutosItens); Exceção: Exception [EclipseLink-4002] (Eclipse Persistence Services - 2.5.2.v20140319-9ad6abd): org.eclipse.persistence.exceptions.DatabaseException
Internal Exception: com.microsoft.sqlserver.jdbc.SQLServerException: Violation of PRIMARY KEY constraint 'PKTransferenciasProdutosItens'. Cannot insert duplicate key in object 'dbo.transferenciasProdutosItens'. The duplicate key value is (39908, 208).
Error Code: 2627
Call: INSERT INTO transferenciasProdutosItens (precoCompra, precoVenda, quantidade, idProduto, idTransf) VALUES (?, ?, ?, ?, ?)
	bind => [5 parameters bound]
Query: InsertObjectQuery(br.sql.bean.TransferenciasProdutosItens[ transferenciasProdutosItensPK=br.sql.bean.TransferenciasProdutosItensPK[ idTransf=39908, idProduto=208 ] ]);javax.persistence.RollbackException: Exception [EclipseLink-4002] (Eclipse Persistence Services - 2.5.2.v20140319-9ad6abd): org.eclipse.persistence.exceptions.DatabaseException
Internal Exception: com.microsoft.sqlserver.jdbc.SQLServerException: Violation of PRIMARY KEY constraint 'PKTransferenciasProdutosItens'. Cannot insert duplicate key in object 'dbo.transferenciasProdutosItens'. The duplicate key value is (39908, 208).
Error Code: 2627
Call: INSERT INTO transferenciasProdutosItens (precoCompra, precoVenda, quantidade, idProduto, idTransf) VALUES (?, ?, ?, ?, ?)
	bind => [5 parameters bound]
Query: InsertObjectQuery(br.sql.bean.TransferenciasProdutosItens[ transferenciasProdutosItensPK=br.sql.bean.TransferenciasProdutosItensPK[ idTransf=39908, idProduto=208 ] ]);
15:05 - Usuario: SUPERVISOR;
15:05 - Classe: GerenteEntidade; Método: insertOrUpdate(class br.sql.bean.TransferenciasProdutosItens); Exceção: Exception [EclipseLink-4002] (Eclipse Persistence Services - 2.5.2.v20140319-9ad6abd): org.eclipse.persistence.exceptions.DatabaseException
Internal Exception: com.microsoft.sqlserver.jdbc.SQLServerException: Violation of PRIMARY KEY constraint 'PKTransferenciasProdutosItens'. Cannot insert duplicate key in object 'dbo.transferenciasProdutosItens'. The duplicate key value is (39908, 1548).
Error Code: 2627
Call: INSERT INTO transferenciasProdutosItens (precoCompra, precoVenda, quantidade, idProduto, idTransf) VALUES (?, ?, ?, ?, ?)
	bind => [5 parameters bound]
Query: InsertObjectQuery(br.sql.bean.TransferenciasProdutosItens[ transferenciasProdutosItensPK=br.sql.bean.TransferenciasProdutosItensPK[ idTransf=39908, idProduto=1548 ] ]);javax.persistence.RollbackException: Exception [EclipseLink-4002] (Eclipse Persistence Services - 2.5.2.v20140319-9ad6abd): org.eclipse.persistence.exceptions.DatabaseException
Internal Exception: com.microsoft.sqlserver.jdbc.SQLServerException: Violation of PRIMARY KEY constraint 'PKTransferenciasProdutosItens'. Cannot insert duplicate key in object 'dbo.transferenciasProdutosItens'. The duplicate key value is (39908, 1548).
Error Code: 2627
Call: INSERT INTO transferenciasProdutosItens (precoCompra, precoVenda, quantidade, idProduto, idTransf) VALUES (?, ?, ?, ?, ?)
	bind => [5 parameters bound]
Query: InsertObjectQuery(br.sql.bean.TransferenciasProdutosItens[ transferenciasProdutosItensPK=br.sql.bean.TransferenciasProdutosItensPK[ idTransf=39908, idProduto=1548 ] ]);
16:35 - Usuario: SUPERVISOR;
16:37 - Usuario: SUPERVISOR;
16:45 - Usuario: SUPERVISOR;
16:48 - Usuario: SUPERVISOR;
16:57 - Usuario: SUPERVISOR;
16:57 - Usuario: SUPERVISOR;
17:01 - Usuario: SUPERVISOR;
17:02 - Usuario: SUPERVISOR;
17:09 - Usuario: SUPERVISOR;
17:19 - Usuario: SUPERVISOR;
17:19 - Classe: GerenteEntidade; Método: update(class br.sql.bean.TransferenciasProdutosItens); Exceção: Exception [EclipseLink-4002] (Eclipse Persistence Services - 2.5.2.v20140319-9ad6abd): org.eclipse.persistence.exceptions.DatabaseException
Internal Exception: com.microsoft.sqlserver.jdbc.SQLServerException: Violation of PRIMARY KEY constraint 'PKTransferenciasProdutosItens'. Cannot insert duplicate key in object 'dbo.transferenciasProdutosItens'. The duplicate key value is (39908, 208).
Error Code: 2627
Call: INSERT INTO transferenciasProdutosItens (precoCompra, precoVenda, quantidade, idProduto, idTransf) VALUES (?, ?, ?, ?, ?)
	bind => [5 parameters bound]
Query: InsertObjectQuery(br.sql.bean.TransferenciasProdutosItens[ transferenciasProdutosItensPK=br.sql.bean.TransferenciasProdutosItensPK[ idTransf=39908, idProduto=208 ] ]);javax.persistence.RollbackException: Exception [EclipseLink-4002] (Eclipse Persistence Services - 2.5.2.v20140319-9ad6abd): org.eclipse.persistence.exceptions.DatabaseException
Internal Exception: com.microsoft.sqlserver.jdbc.SQLServerException: Violation of PRIMARY KEY constraint 'PKTransferenciasProdutosItens'. Cannot insert duplicate key in object 'dbo.transferenciasProdutosItens'. The duplicate key value is (39908, 208).
Error Code: 2627
Call: INSERT INTO transferenciasProdutosItens (precoCompra, precoVenda, quantidade, idProduto, idTransf) VALUES (?, ?, ?, ?, ?)
	bind => [5 parameters bound]
Query: InsertObjectQuery(br.sql.bean.TransferenciasProdutosItens[ transferenciasProdutosItensPK=br.sql.bean.TransferenciasProdutosItensPK[ idTransf=39908, idProduto=208 ] ]);
17:34 - Usuario: SUPERVISOR;
17:34 - Classe: GerenteEntidade; Método: insert(class br.sql.bean.TransferenciasProdutosItens); Exceção: Exception [EclipseLink-4002] (Eclipse Persistence Services - 2.5.2.v20140319-9ad6abd): org.eclipse.persistence.exceptions.DatabaseException
Internal Exception: com.microsoft.sqlserver.jdbc.SQLServerException: Violation of PRIMARY KEY constraint 'PKTransferenciasProdutosItens'. Cannot insert duplicate key in object 'dbo.transferenciasProdutosItens'. The duplicate key value is (39908, 208).
Error Code: 2627
Call: INSERT INTO transferenciasProdutosItens (precoCompra, precoVenda, quantidade, idProduto, idTransf) VALUES (?, ?, ?, ?, ?)
	bind => [5 parameters bound]
Query: InsertObjectQuery(br.sql.bean.TransferenciasProdutosItens[ transferenciasProdutosItensPK=br.sql.bean.TransferenciasProdutosItensPK[ idTransf=39908, idProduto=208 ] ]);javax.persistence.RollbackException: Exception [EclipseLink-4002] (Eclipse Persistence Services - 2.5.2.v20140319-9ad6abd): org.eclipse.persistence.exceptions.DatabaseException
Internal Exception: com.microsoft.sqlserver.jdbc.SQLServerException: Violation of PRIMARY KEY constraint 'PKTransferenciasProdutosItens'. Cannot insert duplicate key in object 'dbo.transferenciasProdutosItens'. The duplicate key value is (39908, 208).
Error Code: 2627
Call: INSERT INTO transferenciasProdutosItens (precoCompra, precoVenda, quantidade, idProduto, idTransf) VALUES (?, ?, ?, ?, ?)
	bind => [5 parameters bound]
Query: InsertObjectQuery(br.sql.bean.TransferenciasProdutosItens[ transferenciasProdutosItensPK=br.sql.bean.TransferenciasProdutosItensPK[ idTransf=39908, idProduto=208 ] ]);
17:36 - Usuario: SUPERVISOR;
17:38 - Usuario: SUPERVISOR;
18:02 - Usuario: SUPERVISOR;
18:03 - Classe: GerenteEntidade; Método: insert(class br.sql.bean.TransferenciasProdutosItens); Exceção: Exception [EclipseLink-4002] (Eclipse Persistence Services - 2.5.2.v20140319-9ad6abd): org.eclipse.persistence.exceptions.DatabaseException
Internal Exception: com.microsoft.sqlserver.jdbc.SQLServerException: Violation of PRIMARY KEY constraint 'PKTransferenciasProdutosItens'. Cannot insert duplicate key in object 'dbo.transferenciasProdutosItens'. The duplicate key value is (39908, 208).
Error Code: 2627
Call: INSERT INTO transferenciasProdutosItens (precoCompra, precoVenda, quantidade, idProduto, idTransf) VALUES (?, ?, ?, ?, ?)
	bind => [5 parameters bound]
Query: InsertObjectQuery(br.sql.bean.TransferenciasProdutosItens[ transferenciasProdutosItensPK=br.sql.bean.TransferenciasProdutosItensPK[ idTransf=39908, idProduto=208 ] ]);javax.persistence.RollbackException: Exception [EclipseLink-4002] (Eclipse Persistence Services - 2.5.2.v20140319-9ad6abd): org.eclipse.persistence.exceptions.DatabaseException
Internal Exception: com.microsoft.sqlserver.jdbc.SQLServerException: Violation of PRIMARY KEY constraint 'PKTransferenciasProdutosItens'. Cannot insert duplicate key in object 'dbo.transferenciasProdutosItens'. The duplicate key value is (39908, 208).
Error Code: 2627
Call: INSERT INTO transferenciasProdutosItens (precoCompra, precoVenda, quantidade, idProduto, idTransf) VALUES (?, ?, ?, ?, ?)
	bind => [5 parameters bound]
Query: InsertObjectQuery(br.sql.bean.TransferenciasProdutosItens[ transferenciasProdutosItensPK=br.sql.bean.TransferenciasProdutosItensPK[ idTransf=39908, idProduto=208 ] ]);
18:03 - Usuario: SUPERVISOR;
18:05 - Classe: GerenteEntidade; Método: insert(class br.sql.bean.TransferenciasProdutosItens); Exceção: Exception [EclipseLink-4002] (Eclipse Persistence Services - 2.5.2.v20140319-9ad6abd): org.eclipse.persistence.exceptions.DatabaseException
Internal Exception: com.microsoft.sqlserver.jdbc.SQLServerException: Violation of PRIMARY KEY constraint 'PKTransferenciasProdutosItens'. Cannot insert duplicate key in object 'dbo.transferenciasProdutosItens'. The duplicate key value is (39908, 208).
Error Code: 2627
Call: INSERT INTO transferenciasProdutosItens (precoCompra, precoVenda, quantidade, idProduto, idTransf) VALUES (?, ?, ?, ?, ?)
	bind => [5 parameters bound]
Query: InsertObjectQuery(br.sql.bean.TransferenciasProdutosItens[ transferenciasProdutosItensPK=br.sql.bean.TransferenciasProdutosItensPK[ idTransf=39908, idProduto=208 ] ]);javax.persistence.RollbackException: Exception [EclipseLink-4002] (Eclipse Persistence Services - 2.5.2.v20140319-9ad6abd): org.eclipse.persistence.exceptions.DatabaseException
Internal Exception: com.microsoft.sqlserver.jdbc.SQLServerException: Violation of PRIMARY KEY constraint 'PKTransferenciasProdutosItens'. Cannot insert duplicate key in object 'dbo.transferenciasProdutosItens'. The duplicate key value is (39908, 208).
Error Code: 2627
Call: INSERT INTO transferenciasProdutosItens (precoCompra, precoVenda, quantidade, idProduto, idTransf) VALUES (?, ?, ?, ?, ?)
	bind => [5 parameters bound]
Query: InsertObjectQuery(br.sql.bean.TransferenciasProdutosItens[ transferenciasProdutosItensPK=br.sql.bean.TransferenciasProdutosItensPK[ idTransf=39908, idProduto=208 ] ]);
18:20 - Usuario: SUPERVISOR;
18:25 - Usuario: SUPERVISOR;
18:26 - Usuario: SUPERVISOR;
18:55 - Usuario: SUPERVISOR;
19:07 - Usuario: SUPERVISOR;
19:50 - Usuario: SUPERVISOR;
19:56 - Usuario: SUPERVISOR;
19:57 - Usuario: SUPERVISOR;
19:58 - Usuario: SUPERVISOR;
20:16 - Usuario: SUPERVISOR;
20:19 - Usuario: SUPERVISOR;
20:23 - Usuario: SUPERVISOR;
20:55 - Classe: Retorna; Método: findOneResult; Exceção: Exception [EclipseLink-28019] (Eclipse Persistence Services - 2.5.2.v20140319-9ad6abd): org.eclipse.persistence.exceptions.EntityManagerSetupException
Exception Description: Deployment of PersistenceUnit [dados] failed. Close all factories for this PersistenceUnit.
Internal Exception: Exception [EclipseLink-0] (Eclipse Persistence Services - 2.5.2.v20140319-9ad6abd): org.eclipse.persistence.exceptions.JPQLException
Exception Description: Problem compiling [SELECT j FROM JsysCompras j WHERE j.confirmado = :confirmado AND data BETWEEN :dataInicial AND :dataFinal]. 
[65, 69] The identification variable 'data' is not defined in the FROM clause.;javax.persistence.PersistenceException: Exception [EclipseLink-28019] (Eclipse Persistence Services - 2.5.2.v20140319-9ad6abd): org.eclipse.persistence.exceptions.EntityManagerSetupException
Exception Description: Deployment of PersistenceUnit [dados] failed. Close all factories for this PersistenceUnit.
Internal Exception: Exception [EclipseLink-0] (Eclipse Persistence Services - 2.5.2.v20140319-9ad6abd): org.eclipse.persistence.exceptions.JPQLException
Exception Description: Problem compiling [SELECT j FROM JsysCompras j WHERE j.confirmado = :confirmado AND data BETWEEN :dataInicial AND :dataFinal]. 
[65, 69] The identification variable 'data' is not defined in the FROM clause.;
21:16 - Usuario: SUPERVISOR;
21:33 - Usuario: SUPERVISOR;
21:39 - Usuario: SUPERVISOR;
22:02 - Usuario: SUPERVISOR;
22:13 - Usuario: SUPERVISOR;
22:15 - Usuario: SUPERVISOR;
22:17 - Usuario: SUPERVISOR;
22:25 - Usuario: SUPERVISOR;
22:29 - Usuario: SUPERVISOR;
22:29 - Classe: br.sql.acesso.LoginTela$1; Método: LoginTela; Exceção: Uncompilable source code - Erroneous sym type: br.sql.acesso.ConnectionFactory.getEntityManager.createQuery;
22:39 - Usuario: SUPERVISOR;
22:40 - Classe: java.awt.EventDispatchThread; Método: uncaughtException; Exceção: Uncompilable source code - Erroneous sym type: br.sql.acesso.ConnectionFactory.getEntityManager.createQuery;java.lang.RuntimeException: Uncompilable source code - Erroneous sym type: br.sql.acesso.ConnectionFactory.getEntityManager.createQuery;