10:11 - Usuario: SUPERVISOR;
10:14 - Usuario: SUPERVISOR;
10:18 - Usuario: SUPERVISOR;
10:19 - Classe: java.awt.EventDispatchThread; Método: uncaughtException; Exceção: null;java.lang.NullPointerException;
10:23 - Usuario: SUPERVISOR;
10:24 - Usuario: SUPERVISOR;
10:25 - Usuario: SUPERVISOR;
10:34 - Usuario: SUPERVISOR;
10:36 - Usuario: SUPERVISOR;
10:39 - Usuario: SUPERVISOR;
10:46 - Usuario: SUPERVISOR;
17:33 - Usuario: SUPERVISOR;
17:35 - Usuario: SUPERVISOR;
17:36 - Classe: GerenteEntidade; Método: insert(class br.sql.bean.PedidoComprasItens); Exceção: Exception [EclipseLink-4002] (Eclipse Persistence Services - 2.5.2.v20140319-9ad6abd): org.eclipse.persistence.exceptions.DatabaseException
Internal Exception: com.microsoft.sqlserver.jdbc.SQLServerException: Cannot insert the value NULL into column 'idPedido', table 'dados.dbo.PedidoComprasItens'; column does not allow nulls. INSERT fails.
Error Code: 515
Call: INSERT INTO PedidoComprasItens (descricao, idProduto, Quantidade, idPedido) VALUES (?, ?, ?, ?)
	bind => [4 parameters bound]
Query: InsertObjectQuery(br.sql.bean.PedidoComprasItens[ idPedidoComprasItens=1 ]);javax.persistence.RollbackException: Exception [EclipseLink-4002] (Eclipse Persistence Services - 2.5.2.v20140319-9ad6abd): org.eclipse.persistence.exceptions.DatabaseException
Internal Exception: com.microsoft.sqlserver.jdbc.SQLServerException: Cannot insert the value NULL into column 'idPedido', table 'dados.dbo.PedidoComprasItens'; column does not allow nulls. INSERT fails.
Error Code: 515
Call: INSERT INTO PedidoComprasItens (descricao, idProduto, Quantidade, idPedido) VALUES (?, ?, ?, ?)
	bind => [4 parameters bound]
Query: InsertObjectQuery(br.sql.bean.PedidoComprasItens[ idPedidoComprasItens=1 ]);
17:43 - Usuario: SUPERVISOR;
17:58 - Usuario: SUPERVISOR;
18:31 - Usuario: SUPERVISOR;
18:33 - Usuario: SUPERVISOR;
18:33 - Classe: java.awt.EventDispatchThread; Método: uncaughtException; Exceção: null;java.lang.NullPointerException;
18:33 - Classe: java.awt.EventDispatchThread; Método: uncaughtException; Exceção: null;java.lang.NullPointerException;
18:33 - Classe: java.awt.EventDispatchThread; Método: uncaughtException; Exceção: null;java.lang.NullPointerException;
18:37 - Usuario: SUPERVISOR;
18:39 - Classe: java.awt.EventDispatchThread; Método: uncaughtException; Exceção: null;java.lang.NullPointerException;
21:29 - Usuario: SUPERVISOR;
21:30 - Classe: java.awt.EventDispatchThread; Método: uncaughtException; Exceção: -1;java.lang.ArrayIndexOutOfBoundsException: -1;